<?xml version="1.0" encoding="UTF-8" standalone="no"?>
<preflight name="fieldsec1-133787_1.pdf">
  <executionTimeMS>6397</executionTimeMS>
  <isValid type="PDF/A1-b">false</isValid>
  <errors count="105">
    <error count="1">
      <code>1.4.8</code>
      <details>Trailer Syntax error, A Catalog shall not contain the OCPProperties entry.</details>
    </error>
    <error count="1">
      <code>4.1.2</code>
      <details>Transparency error, ca entry in a ExtGState  is invalid.</details>
    </error>
    <error count="1">
      <code>4.1.2</code>
      <details>Transparency error, CA entry in a ExtGState is invalid</details>
    </error>
    <error count="2">
      <code>3.1.4</code>
      <details>Invalid Font definition, The Charset entry is missing for the Type1 Subset</details>
    </error>
    <error count="1">
      <code>3.1.3</code>
      <details>Invalid Font definition, FontFile entry is missing from FontDescriptor for TimesNewRomanPS-BoldItalicMT</details>
    </error>
    <error count="1">
      <code>3.1.3</code>
      <details>Invalid Font definition, FontFile entry is missing from FontDescriptor for TimesNewRomanPS-ItalicMT</details>
    </error>
    <error count="1">
      <code>3.1.3</code>
      <details>Invalid Font definition, FontFile entry is missing from FontDescriptor for TimesNewRomanPS-BoldMT</details>
    </error>
    <error count="1">
      <code>3.1.3</code>
      <details>Invalid Font definition, FontFile entry is missing from FontDescriptor for ArialMT</details>
    </error>
    <error count="1">
      <code>3.1.3</code>
      <details>Invalid Font definition, FontFile entry is missing from FontDescriptor for TimesNewRomanPSMT</details>
    </error>
    <error count="1">
      <code>7.11</code>
      <details>Error on MetaData</details>
    </error>
    <error count="5">
      <code>2.2.1</code>
      <details>Invalid Graphis transparency, Group has a transparency S entry or the S entry is null.</details>
    </error>
    <error count="2">
      <code>1.0.6</code>
      <details>Syntax error, Float is too long or too small: -32768.0</details>
    </error>
    <error count="21">
      <code>2.4.2</code>
      <details>Invalid Color space, The operator "K" can't be used with RGB Profile</details>
    </error>
    <error count="35">
      <code>2.4.2</code>
      <details>Invalid Color space, The operator "k" can't be used with RGB Profile</details>
    </error>
    <error count="31">
      <code>2.4.3</code>
      <details>Invalid Color space, The operator "f" can't be used without Color Profile</details>
    </error>
  </errors>
</preflight>
